<?xml version="1.0" encoding="UTF-8"?>
<testsuite name="impact.AppTest" tests="6" skipped="0" failures="0" errors="0" timestamp="2022-03-23T03:49:43" hostname="Masais-Air" time="0.009">
  <properties/>
  <testcase name="testEmptyListArgument()" classname="impact.AppTest" time="0.006"/>
  <testcase name="testFourRangesLength()" classname="impact.AppTest" time="0.0"/>
  <testcase name="testRangeWithSingleNumber()" classname="impact.AppTest" time="0.001"/>
  <testcase name="testRangesOutputList()" classname="impact.AppTest" time="0.0"/>
  <testcase name="testRangeNormalNumber()" classname="impact.AppTest" time="0.001"/>
  <testcase name="testOneNumber()" classname="impact.AppTest" time="0.0"/>
  <system-out><![CDATA[]]></system-out>
  <system-err><![CDATA[]]></system-err>
</testsuite>
