<?xml version="1.0" encoding="UTF-8"?>
<testsuite name="impact.AppTest" tests="3" skipped="0" failures="0" errors="0" timestamp="2022-03-22T19:01:51" hostname="Masais-Air" time="0.008">
  <properties/>
  <testcase name="testRangeWithSingleNumber()" classname="impact.AppTest" time="0.007"/>
  <testcase name="testFourRanges()" classname="impact.AppTest" time="0.001"/>
  <testcase name="testRangeNormalNumber()" classname="impact.AppTest" time="0.0"/>
  <system-out><![CDATA[]]></system-out>
  <system-err><![CDATA[]]></system-err>
</testsuite>
